
> untitled@0.1.0 build /Users/mcs/Development/projects/untitled
> next build

info  - Linting and checking validity of types...

./pages/_document.tsx
9:11  Warning: Block is not recommended. See: https://nextjs.org/docs/messages/google-font-display  @next/next/google-font-display

info  - Need to disable some ESLint rules? Learn more here: https://nextjs.org/docs/basic-features/eslint#disabling-rules
info  - Creating an optimized production build...
info  - Compiled successfully
info  - Collecting page data...
info  - Generating static pages (0/3)
info  - Generating static pages (3/3)
info  - Finalizing page optimization...

Route (pages)                              Size     First Load JS
┌ ○ /                                      4.32 kB        77.5 kB
├   └ css/7c9e31c2156353a4.css             706 B
├   /_app                                  0 B            73.1 kB
├ ○ /404                                   181 B          73.3 kB
└ λ /api/hello                             0 B            73.1 kB
+ First Load JS shared by all              74.7 kB
  ├ chunks/framework-ca7c00cca7c6789b.js   45.4 kB
  ├ chunks/main-6507aa597046591c.js        26.7 kB
  ├ chunks/pages/_app-8ebd52a9806ce710.js  298 B
  ├ chunks/webpack-8fa1640cc84ba8fe.js     750 B
  └ css/0ff844d8828a1a40.css               1.56 kB

λ  (Server)  server-side renders at runtime (uses getInitialProps or getServerSideProps)
○  (Static)  automatically rendered as static HTML (uses no initial props)

